<?xml version="1.0" encoding="UTF-8"?>
<!-- Generated by org.testng.reporters.JUnitXMLReporter -->
<testsuite ignored="0" hostname="DESKTOP-TGRDIAA" failures="0" tests="5" name="Default test" time="24.446" errors="0" timestamp="2024-09-09T18:12:58 IST">
  <testcase classname="FunctionalTest.Report.Reporttesting" name="AmityLogo" time="0.201"/>
  <testcase classname="FunctionalTest.Report.Reporttesting" name="ProgramButton" time="0.582"/>
  <testcase classname="FunctionalTest.Report.Reporttesting" name="CareerServices" time="3.075"/>
  <testcase classname="FunctionalTest.Report.Reporttesting" name="AdvantagesButton" time="1.175"/>
  <testcase classname="FunctionalTest.Report.Reporttesting" name="SearchButton" time="0.095"/>
</testsuite> <!-- Default test -->
