<?xml version="1.0" encoding="UTF-8"?>
<!-- Generated by org.testng.reporters.JUnitXMLReporter -->
<testsuite ignored="0" hostname="DESKTOP-TGRDIAA" failures="0" tests="5" name="Default test" time="17.678" errors="0" timestamp="2024-09-10T14:24:25 IST">
  <testcase classname="FunctionalTest.Report.Reporttesting" name="AmityLogo" time="0.15"/>
  <testcase classname="FunctionalTest.Report.Reporttesting" name="ProgramButton" time="0.038"/>
  <testcase classname="FunctionalTest.Report.Reporttesting" name="CareerServices" time="2.308"/>
  <testcase classname="FunctionalTest.Report.Reporttesting" name="AdvantagesButton" time="1.205"/>
  <testcase classname="FunctionalTest.Report.Reporttesting" name="SearchButton" time="0.063"/>
</testsuite> <!-- Default test -->
