<?xml version="1.0" encoding="UTF-8"?>
<testng-results ignored="0" total="5" passed="5" failed="0" skipped="0">
  <reporter-output>
  </reporter-output>
  <suite started-at="2024-09-09T18:12:34 IST" name="Default suite" finished-at="2024-09-09T18:12:58 IST" duration-ms="24446">
    <groups>
    </groups>
    <test started-at="2024-09-09T18:12:34 IST" name="Default test" finished-at="2024-09-09T18:12:58 IST" duration-ms="24446">
      <class name="FunctionalTest.Report.Reporttesting">
        <test-method is-config="true" signature="GenerateReport()[pri:0, instance:FunctionalTest.Report.Reporttesting@7b4c50bc]" started-at="2024-09-09T18:12:34 IST" name="GenerateReport" finished-at="2024-09-09T18:12:34 IST" duration-ms="541" status="PASS">
          <reporter-output>
          </reporter-output>
        </test-method> <!-- GenerateReport -->
        <test-method is-config="true" signature="LaunchBrowser()[pri:0, instance:FunctionalTest.Report.Reporttesting@7b4c50bc]" started-at="2024-09-09T18:12:34 IST" name="LaunchBrowser" finished-at="2024-09-09T18:12:38 IST" duration-ms="3712" status="PASS">
          <reporter-output>
          </reporter-output>
        </test-method> <!-- LaunchBrowser -->
        <test-method signature="AmityLogo()[pri:1, instance:FunctionalTest.Report.Reporttesting@7b4c50bc]" started-at="2024-09-09T18:12:38 IST" name="AmityLogo" finished-at="2024-09-09T18:12:38 IST" duration-ms="201" status="PASS">
          <reporter-output>
          </reporter-output>
        </test-method> <!-- AmityLogo -->
        <test-method is-config="true" signature="CloseBrowser(org.testng.ITestResult)[pri:0, instance:FunctionalTest.Report.Reporttesting@7b4c50bc]" started-at="2024-09-09T18:12:38 IST" name="CloseBrowser" finished-at="2024-09-09T18:12:39 IST" duration-ms="326" status="PASS">
          <params>
            <param index="0">
              <value>
                <![CDATA[[TestResult name=AmityLogo status=SUCCESS method=Reporttesting.AmityLogo()[pri:1, instance:FunctionalTest.Report.Reporttesting@7b4c50bc] output={null}]]]>
              </value>
            </param>
          </params>
          <reporter-output>
          </reporter-output>
        </test-method> <!-- CloseBrowser -->
        <test-method is-config="true" signature="LaunchBrowser()[pri:0, instance:FunctionalTest.Report.Reporttesting@7b4c50bc]" started-at="2024-09-09T18:12:39 IST" name="LaunchBrowser" finished-at="2024-09-09T18:12:42 IST" duration-ms="2988" status="PASS">
          <reporter-output>
          </reporter-output>
        </test-method> <!-- LaunchBrowser -->
        <test-method signature="ProgramButton()[pri:2, instance:FunctionalTest.Report.Reporttesting@7b4c50bc]" started-at="2024-09-09T18:12:42 IST" name="ProgramButton" finished-at="2024-09-09T18:12:42 IST" duration-ms="582" status="PASS">
          <reporter-output>
          </reporter-output>
        </test-method> <!-- ProgramButton -->
        <test-method is-config="true" signature="CloseBrowser(org.testng.ITestResult)[pri:0, instance:FunctionalTest.Report.Reporttesting@7b4c50bc]" started-at="2024-09-09T18:12:42 IST" name="CloseBrowser" finished-at="2024-09-09T18:12:42 IST" duration-ms="295" status="PASS">
          <params>
            <param index="0">
              <value>
                <![CDATA[[TestResult name=ProgramButton status=SUCCESS method=Reporttesting.ProgramButton()[pri:2, instance:FunctionalTest.Report.Reporttesting@7b4c50bc] output={null}]]]>
              </value>
            </param>
          </params>
          <reporter-output>
          </reporter-output>
        </test-method> <!-- CloseBrowser -->
        <test-method is-config="true" signature="LaunchBrowser()[pri:0, instance:FunctionalTest.Report.Reporttesting@7b4c50bc]" started-at="2024-09-09T18:12:42 IST" name="LaunchBrowser" finished-at="2024-09-09T18:12:46 IST" duration-ms="3785" status="PASS">
          <reporter-output>
          </reporter-output>
        </test-method> <!-- LaunchBrowser -->
        <test-method signature="CareerServices()[pri:3, instance:FunctionalTest.Report.Reporttesting@7b4c50bc]" started-at="2024-09-09T18:12:46 IST" name="CareerServices" finished-at="2024-09-09T18:12:49 IST" duration-ms="3075" status="PASS">
          <reporter-output>
          </reporter-output>
        </test-method> <!-- CareerServices -->
        <test-method is-config="true" signature="CloseBrowser(org.testng.ITestResult)[pri:0, instance:FunctionalTest.Report.Reporttesting@7b4c50bc]" started-at="2024-09-09T18:12:49 IST" name="CloseBrowser" finished-at="2024-09-09T18:12:50 IST" duration-ms="500" status="PASS">
          <params>
            <param index="0">
              <value>
                <![CDATA[[TestResult name=CareerServices status=SUCCESS method=Reporttesting.CareerServices()[pri:3, instance:FunctionalTest.Report.Reporttesting@7b4c50bc] output={null}]]]>
              </value>
            </param>
          </params>
          <reporter-output>
          </reporter-output>
        </test-method> <!-- CloseBrowser -->
        <test-method is-config="true" signature="LaunchBrowser()[pri:0, instance:FunctionalTest.Report.Reporttesting@7b4c50bc]" started-at="2024-09-09T18:12:50 IST" name="LaunchBrowser" finished-at="2024-09-09T18:12:53 IST" duration-ms="3417" status="PASS">
          <reporter-output>
          </reporter-output>
        </test-method> <!-- LaunchBrowser -->
        <test-method signature="AdvantagesButton()[pri:4, instance:FunctionalTest.Report.Reporttesting@7b4c50bc]" started-at="2024-09-09T18:12:53 IST" name="AdvantagesButton" finished-at="2024-09-09T18:12:54 IST" duration-ms="1175" status="PASS">
          <reporter-output>
          </reporter-output>
        </test-method> <!-- AdvantagesButton -->
        <test-method is-config="true" signature="CloseBrowser(org.testng.ITestResult)[pri:0, instance:FunctionalTest.Report.Reporttesting@7b4c50bc]" started-at="2024-09-09T18:12:54 IST" name="CloseBrowser" finished-at="2024-09-09T18:12:55 IST" duration-ms="343" status="PASS">
          <params>
            <param index="0">
              <value>
                <![CDATA[[TestResult name=AdvantagesButton status=SUCCESS method=Reporttesting.AdvantagesButton()[pri:4, instance:FunctionalTest.Report.Reporttesting@7b4c50bc] output={null}]]]>
              </value>
            </param>
          </params>
          <reporter-output>
          </reporter-output>
        </test-method> <!-- CloseBrowser -->
        <test-method is-config="true" signature="LaunchBrowser()[pri:0, instance:FunctionalTest.Report.Reporttesting@7b4c50bc]" started-at="2024-09-09T18:12:55 IST" name="LaunchBrowser" finished-at="2024-09-09T18:12:57 IST" duration-ms="2295" status="PASS">
          <reporter-output>
          </reporter-output>
        </test-method> <!-- LaunchBrowser -->
        <test-method signature="SearchButton()[pri:5, instance:FunctionalTest.Report.Reporttesting@7b4c50bc]" started-at="2024-09-09T18:12:57 IST" name="SearchButton" finished-at="2024-09-09T18:12:57 IST" duration-ms="95" status="PASS">
          <reporter-output>
          </reporter-output>
        </test-method> <!-- SearchButton -->
        <test-method is-config="true" signature="CloseBrowser(org.testng.ITestResult)[pri:0, instance:FunctionalTest.Report.Reporttesting@7b4c50bc]" started-at="2024-09-09T18:12:57 IST" name="CloseBrowser" finished-at="2024-09-09T18:12:57 IST" duration-ms="303" status="PASS">
          <params>
            <param index="0">
              <value>
                <![CDATA[[TestResult name=SearchButton status=SUCCESS method=Reporttesting.SearchButton()[pri:5, instance:FunctionalTest.Report.Reporttesting@7b4c50bc] output={null}]]]>
              </value>
            </param>
          </params>
          <reporter-output>
          </reporter-output>
        </test-method> <!-- CloseBrowser -->
        <test-method is-config="true" signature="CloseReport()[pri:0, instance:FunctionalTest.Report.Reporttesting@7b4c50bc]" started-at="2024-09-09T18:12:57 IST" name="CloseReport" finished-at="2024-09-09T18:12:58 IST" duration-ms="710" status="PASS">
          <reporter-output>
          </reporter-output>
        </test-method> <!-- CloseReport -->
      </class> <!-- FunctionalTest.Report.Reporttesting -->
    </test> <!-- Default test -->
  </suite> <!-- Default suite -->
</testng-results>
