<?xml version="1.0" encoding="UTF-8"?>
<testng-results ignored="0" total="5" passed="5" failed="0" skipped="0">
  <reporter-output>
  </reporter-output>
  <suite started-at="2024-09-11T14:58:38 IST" name="Default suite" finished-at="2024-09-11T14:59:03 IST" duration-ms="25418">
    <groups>
    </groups>
    <test started-at="2024-09-11T14:58:38 IST" name="Default test" finished-at="2024-09-11T14:59:03 IST" duration-ms="25418">
      <class name="FunctionalTest.Report.Reporttesting">
        <test-method is-config="true" signature="GenerateReport()[pri:0, instance:FunctionalTest.Report.Reporttesting@7b4c50bc]" started-at="2024-09-11T14:58:38 IST" name="GenerateReport" finished-at="2024-09-11T14:58:39 IST" duration-ms="588" status="PASS">
          <reporter-output>
          </reporter-output>
        </test-method> <!-- GenerateReport -->
        <test-method is-config="true" signature="LaunchBrowser()[pri:0, instance:FunctionalTest.Report.Reporttesting@7b4c50bc]" started-at="2024-09-11T14:58:39 IST" name="LaunchBrowser" finished-at="2024-09-11T14:58:42 IST" duration-ms="3754" status="PASS">
          <reporter-output>
          </reporter-output>
        </test-method> <!-- LaunchBrowser -->
        <test-method signature="AmityLogo()[pri:1, instance:FunctionalTest.Report.Reporttesting@7b4c50bc]" started-at="2024-09-11T14:58:42 IST" name="AmityLogo" finished-at="2024-09-11T14:58:42 IST" duration-ms="192" status="PASS">
          <reporter-output>
          </reporter-output>
        </test-method> <!-- AmityLogo -->
        <test-method is-config="true" signature="CloseBrowser(org.testng.ITestResult)[pri:0, instance:FunctionalTest.Report.Reporttesting@7b4c50bc]" started-at="2024-09-11T14:58:43 IST" name="CloseBrowser" finished-at="2024-09-11T14:58:43 IST" duration-ms="308" status="PASS">
          <params>
            <param index="0">
              <value>
                <![CDATA[[TestResult name=AmityLogo status=SUCCESS method=Reporttesting.AmityLogo()[pri:1, instance:FunctionalTest.Report.Reporttesting@7b4c50bc] output={null}]]]>
              </value>
            </param>
          </params>
          <reporter-output>
          </reporter-output>
        </test-method> <!-- CloseBrowser -->
        <test-method is-config="true" signature="LaunchBrowser()[pri:0, instance:FunctionalTest.Report.Reporttesting@7b4c50bc]" started-at="2024-09-11T14:58:43 IST" name="LaunchBrowser" finished-at="2024-09-11T14:58:46 IST" duration-ms="3133" status="PASS">
          <reporter-output>
          </reporter-output>
        </test-method> <!-- LaunchBrowser -->
        <test-method signature="ProgramButton()[pri:2, instance:FunctionalTest.Report.Reporttesting@7b4c50bc]" started-at="2024-09-11T14:58:46 IST" name="ProgramButton" finished-at="2024-09-11T14:58:47 IST" duration-ms="577" status="PASS">
          <reporter-output>
          </reporter-output>
        </test-method> <!-- ProgramButton -->
        <test-method is-config="true" signature="CloseBrowser(org.testng.ITestResult)[pri:0, instance:FunctionalTest.Report.Reporttesting@7b4c50bc]" started-at="2024-09-11T14:58:47 IST" name="CloseBrowser" finished-at="2024-09-11T14:58:47 IST" duration-ms="373" status="PASS">
          <params>
            <param index="0">
              <value>
                <![CDATA[[TestResult name=ProgramButton status=SUCCESS method=Reporttesting.ProgramButton()[pri:2, instance:FunctionalTest.Report.Reporttesting@7b4c50bc] output={null}]]]>
              </value>
            </param>
          </params>
          <reporter-output>
          </reporter-output>
        </test-method> <!-- CloseBrowser -->
        <test-method is-config="true" signature="LaunchBrowser()[pri:0, instance:FunctionalTest.Report.Reporttesting@7b4c50bc]" started-at="2024-09-11T14:58:47 IST" name="LaunchBrowser" finished-at="2024-09-11T14:58:50 IST" duration-ms="2774" status="PASS">
          <reporter-output>
          </reporter-output>
        </test-method> <!-- LaunchBrowser -->
        <test-method signature="CareerServices()[pri:3, instance:FunctionalTest.Report.Reporttesting@7b4c50bc]" started-at="2024-09-11T14:58:50 IST" name="CareerServices" finished-at="2024-09-11T14:58:54 IST" duration-ms="4045" status="PASS">
          <reporter-output>
          </reporter-output>
        </test-method> <!-- CareerServices -->
        <test-method is-config="true" signature="CloseBrowser(org.testng.ITestResult)[pri:0, instance:FunctionalTest.Report.Reporttesting@7b4c50bc]" started-at="2024-09-11T14:58:54 IST" name="CloseBrowser" finished-at="2024-09-11T14:58:54 IST" duration-ms="367" status="PASS">
          <params>
            <param index="0">
              <value>
                <![CDATA[[TestResult name=CareerServices status=SUCCESS method=Reporttesting.CareerServices()[pri:3, instance:FunctionalTest.Report.Reporttesting@7b4c50bc] output={null}]]]>
              </value>
            </param>
          </params>
          <reporter-output>
          </reporter-output>
        </test-method> <!-- CloseBrowser -->
        <test-method is-config="true" signature="LaunchBrowser()[pri:0, instance:FunctionalTest.Report.Reporttesting@7b4c50bc]" started-at="2024-09-11T14:58:54 IST" name="LaunchBrowser" finished-at="2024-09-11T14:58:57 IST" duration-ms="2748" status="PASS">
          <reporter-output>
          </reporter-output>
        </test-method> <!-- LaunchBrowser -->
        <test-method signature="AdvantagesButton()[pri:4, instance:FunctionalTest.Report.Reporttesting@7b4c50bc]" started-at="2024-09-11T14:58:57 IST" name="AdvantagesButton" finished-at="2024-09-11T14:58:58 IST" duration-ms="1075" status="PASS">
          <reporter-output>
          </reporter-output>
        </test-method> <!-- AdvantagesButton -->
        <test-method is-config="true" signature="CloseBrowser(org.testng.ITestResult)[pri:0, instance:FunctionalTest.Report.Reporttesting@7b4c50bc]" started-at="2024-09-11T14:58:58 IST" name="CloseBrowser" finished-at="2024-09-11T14:58:58 IST" duration-ms="371" status="PASS">
          <params>
            <param index="0">
              <value>
                <![CDATA[[TestResult name=AdvantagesButton status=SUCCESS method=Reporttesting.AdvantagesButton()[pri:4, instance:FunctionalTest.Report.Reporttesting@7b4c50bc] output={null}]]]>
              </value>
            </param>
          </params>
          <reporter-output>
          </reporter-output>
        </test-method> <!-- CloseBrowser -->
        <test-method is-config="true" signature="LaunchBrowser()[pri:0, instance:FunctionalTest.Report.Reporttesting@7b4c50bc]" started-at="2024-09-11T14:58:58 IST" name="LaunchBrowser" finished-at="2024-09-11T14:59:02 IST" duration-ms="3433" status="PASS">
          <reporter-output>
          </reporter-output>
        </test-method> <!-- LaunchBrowser -->
        <test-method signature="SearchButton()[pri:5, instance:FunctionalTest.Report.Reporttesting@7b4c50bc]" started-at="2024-09-11T14:59:02 IST" name="SearchButton" finished-at="2024-09-11T14:59:02 IST" duration-ms="382" status="PASS">
          <reporter-output>
          </reporter-output>
        </test-method> <!-- SearchButton -->
        <test-method is-config="true" signature="CloseBrowser(org.testng.ITestResult)[pri:0, instance:FunctionalTest.Report.Reporttesting@7b4c50bc]" started-at="2024-09-11T14:59:02 IST" name="CloseBrowser" finished-at="2024-09-11T14:59:02 IST" duration-ms="363" status="PASS">
          <params>
            <param index="0">
              <value>
                <![CDATA[[TestResult name=SearchButton status=SUCCESS method=Reporttesting.SearchButton()[pri:5, instance:FunctionalTest.Report.Reporttesting@7b4c50bc] output={null}]]]>
              </value>
            </param>
          </params>
          <reporter-output>
          </reporter-output>
        </test-method> <!-- CloseBrowser -->
        <test-method is-config="true" signature="CloseReport()[pri:0, instance:FunctionalTest.Report.Reporttesting@7b4c50bc]" started-at="2024-09-11T14:59:02 IST" name="CloseReport" finished-at="2024-09-11T14:59:03 IST" duration-ms="836" status="PASS">
          <reporter-output>
          </reporter-output>
        </test-method> <!-- CloseReport -->
      </class> <!-- FunctionalTest.Report.Reporttesting -->
    </test> <!-- Default test -->
  </suite> <!-- Default suite -->
</testng-results>
